c:\users\prana_000\documents\visual studio 2013\projects\clothsim\clothsimcs\clothsim\debug\vc120.pdb
c:\users\prana_000\documents\visual studio 2013\projects\clothsim\clothsimcs\clothsim\debug\vc120.idb
c:\users\prana_000\documents\visual studio 2013\projects\clothsim\clothsimcs\clothsim\debug\camera.obj
c:\users\prana_000\documents\visual studio 2013\projects\clothsim\clothsimcs\clothsim\debug\cloth.obj
c:\users\prana_000\documents\visual studio 2013\projects\clothsim\clothsimcs\clothsim\debug\d3d.obj
c:\users\prana_000\documents\visual studio 2013\projects\clothsim\clothsimcs\clothsim\debug\engine.obj
c:\users\prana_000\documents\visual studio 2013\projects\clothsim\clothsimcs\clothsim\debug\font.obj
c:\users\prana_000\documents\visual studio 2013\projects\clothsim\clothsimcs\clothsim\debug\fontshader.obj
c:\users\prana_000\documents\visual studio 2013\projects\clothsim\clothsimcs\clothsim\debug\input.obj
c:\users\prana_000\documents\visual studio 2013\projects\clothsim\clothsimcs\clothsim\debug\light.obj
c:\users\prana_000\documents\visual studio 2013\projects\clothsim\clothsimcs\clothsim\debug\main.obj
c:\users\prana_000\documents\visual studio 2013\projects\clothsim\clothsimcs\clothsim\debug\modelclass.obj
c:\users\prana_000\documents\visual studio 2013\projects\clothsim\clothsimcs\clothsim\debug\renderer.obj
c:\users\prana_000\documents\visual studio 2013\projects\clothsim\clothsimcs\clothsim\debug\solver.obj
c:\users\prana_000\documents\visual studio 2013\projects\clothsim\clothsimcs\clothsim\debug\tessellationshader.obj
c:\users\prana_000\documents\visual studio 2013\projects\clothsim\clothsimcs\clothsim\debug\text.obj
c:\users\prana_000\documents\visual studio 2013\projects\clothsim\clothsimcs\clothsim\debug\texture.obj
c:\users\prana_000\documents\visual studio 2013\projects\clothsim\clothsimcs\clothsim\debug\textureshader.obj
c:\users\prana_000\documents\visual studio 2013\projects\clothsim\clothsimcs\debug\clothsim.ilk
c:\users\prana_000\documents\visual studio 2013\projects\clothsim\clothsimcs\debug\clothsim.exe
c:\users\prana_000\documents\visual studio 2013\projects\clothsim\clothsimcs\debug\clothsim.pdb
c:\users\prana_000\documents\visual studio 2013\projects\clothsim\clothsimcs\clothsim\debug\clothsim.tlog\cl.command.1.tlog
c:\users\prana_000\documents\visual studio 2013\projects\clothsim\clothsimcs\clothsim\debug\clothsim.tlog\cl.read.1.tlog
c:\users\prana_000\documents\visual studio 2013\projects\clothsim\clothsimcs\clothsim\debug\clothsim.tlog\cl.write.1.tlog
c:\users\prana_000\documents\visual studio 2013\projects\clothsim\clothsimcs\clothsim\debug\clothsim.tlog\link.command.1.tlog
c:\users\prana_000\documents\visual studio 2013\projects\clothsim\clothsimcs\clothsim\debug\clothsim.tlog\link.read.1.tlog
c:\users\prana_000\documents\visual studio 2013\projects\clothsim\clothsimcs\clothsim\debug\clothsim.tlog\link.write.1.tlog
